0 info it worked if it ends with ok
1 verbose cli [ '/usr/bin/nodejs', '/usr/bin/npm', 'start' ]
2 info using npm@3.3.12
3 info using node@v5.3.0
4 verbose run-script [ 'prestart', 'start', 'poststart' ]
5 info lifecycle make-html@1.0.0~prestart: make-html@1.0.0
6 silly lifecycle make-html@1.0.0~prestart: no script for prestart, continuing
7 info lifecycle make-html@1.0.0~start: make-html@1.0.0
8 verbose lifecycle make-html@1.0.0~start: unsafe-perm in lifecycle true
9 verbose lifecycle make-html@1.0.0~start: PATH: /usr/lib/node_modules/npm/bin/node-gyp-bin:/home/bcuser/Source/MakeHtml/node_modules/.bin:/home/bcuser/bin:/usr/local/sbin:/usr/local/bin:/usr/sbin:/usr/bin:/sbin:/bin:/usr/games:/usr/local/games:/home/bcuser/npm/bin:/home/bcuser/bin/pynaoqi:/home/bcuser/Android/Sdk/tools:/home/bcuser/Android/Sdk/platform-tools::/home/bcuser/npm/bin
10 verbose lifecycle make-html@1.0.0~start: CWD: /home/bcuser/Source/MakeHtml
11 silly lifecycle make-html@1.0.0~start: Args: [ '-c', 'node index.js' ]
12 silly lifecycle make-html@1.0.0~start: Returned: code: 1  signal: null
13 info lifecycle make-html@1.0.0~start: Failed to exec start script
14 verbose stack Error: make-html@1.0.0 start: `node index.js`
14 verbose stack Exit status 1
14 verbose stack     at EventEmitter.<anonymous> (/usr/lib/node_modules/npm/lib/utils/lifecycle.js:232:16)
14 verbose stack     at emitTwo (events.js:87:13)
14 verbose stack     at EventEmitter.emit (events.js:172:7)
14 verbose stack     at ChildProcess.<anonymous> (/usr/lib/node_modules/npm/lib/utils/spawn.js:24:14)
14 verbose stack     at emitTwo (events.js:87:13)
14 verbose stack     at ChildProcess.emit (events.js:172:7)
14 verbose stack     at maybeClose (internal/child_process.js:818:16)
14 verbose stack     at Process.ChildProcess._handle.onexit (internal/child_process.js:211:5)
15 verbose pkgid make-html@1.0.0
16 verbose cwd /home/bcuser/Source/MakeHtml
17 error Linux 4.2.0-16-generic
18 error argv "/usr/bin/nodejs" "/usr/bin/npm" "start"
19 error node v5.3.0
20 error npm  v3.3.12
21 error code ELIFECYCLE
22 error make-html@1.0.0 start: `node index.js`
22 error Exit status 1
23 error Failed at the make-html@1.0.0 start script 'node index.js'.
23 error Make sure you have the latest version of node.js and npm installed.
23 error If you do, this is most likely a problem with the make-html package,
23 error not with npm itself.
23 error Tell the author that this fails on your system:
23 error     node index.js
23 error You can get their info via:
23 error     npm owner ls make-html
23 error There is likely additional logging output above.
24 verbose exit [ 1, true ]
